TOKEN: LPAREN    LEXEME: (
TOKEN: LET       LEXEME: let

___Entering new scope...

TOKEN: LPAREN    LEXEME: (
ID_EXPR_LIST -> epsilon
TOKEN: LPAREN    LEXEME: (
TOKEN: IDENT     LEXEME: bob
TOKEN: INTCONST  LEXEME: 7
EXPR -> INTCONST
TOKEN: RPAREN    LEXEME: )
ID_EXPR_LIST -> ID_EXPR_LIST ( ID EXPR )
___Adding bob to symbol table
TOKEN: LPAREN    LEXEME: (
TOKEN: IDENT     LEXEME: fish
TOKEN: INTCONST  LEXEME: 10
EXPR -> INTCONST
TOKEN: RPAREN    LEXEME: )
ID_EXPR_LIST -> ID_EXPR_LIST ( ID EXPR )
___Adding fish to symbol table
TOKEN: LPAREN    LEXEME: (
TOKEN: IDENT     LEXEME: sandwich
TOKEN: LPAREN    LEXEME: (
TOKEN: LET       LEXEME: let

___Entering new scope...

TOKEN: LPAREN    LEXEME: (
ID_EXPR_LIST -> epsilon
TOKEN: LPAREN    LEXEME: (
TOKEN: IDENT     LEXEME: x
TOKEN: LPAREN    LEXEME: (
TOKEN: SUB       LEXEME: -
OP -> -
TOKEN: IDENT     LEXEME: bob
EXPR -> ID
TOKEN: IDENT     LEXEME: fish
EXPR -> ID
ARITHMETIC_EXPR -> OP EXPR EXPR
PARENTHESIZED_EXPR -> ARITHMETIC_EXPR
TOKEN: RPAREN    LEXEME: )
EXPR -> ( PARENTHESIZED_EXPR )
TOKEN: RPAREN    LEXEME: )
ID_EXPR_LIST -> ID_EXPR_LIST ( ID EXPR )
___Adding x to symbol table
TOKEN: RPAREN    LEXEME: )
TOKEN: LPAREN    LEXEME: (
TOKEN: IF        LEXEME: if
TOKEN: IDENT     LEXEME: x
EXPR -> ID
TOKEN: INTCONST  LEXEME: 100
EXPR -> INTCONST
TOKEN: INTCONST  LEXEME: 200
EXPR -> INTCONST
IF_EXPR -> if EXPR EXPR EXPR
PARENTHESIZED_EXPR -> IF_EXPR
TOKEN: RPAREN    LEXEME: )
EXPR -> ( PARENTHESIZED_EXPR )
LET_EXPR -> let ( ID_EXPR_LIST ) EXPR

___Exiting scope...

PARENTHESIZED_EXPR -> LET_EXPR
TOKEN: RPAREN    LEXEME: )
EXPR -> ( PARENTHESIZED_EXPR )
TOKEN: RPAREN    LEXEME: )
ID_EXPR_LIST -> ID_EXPR_LIST ( ID EXPR )
___Adding sandwich to symbol table
TOKEN: RPAREN    LEXEME: )
TOKEN: LPAREN    LEXEME: (
TOKEN: ADD       LEXEME: +
OP -> +
TOKEN: LPAREN    LEXEME: (
TOKEN: ADD       LEXEME: +
OP -> +
TOKEN: IDENT     LEXEME: bob
EXPR -> ID
TOKEN: IDENT     LEXEME: fish
EXPR -> ID
ARITHMETIC_EXPR -> OP EXPR EXPR
PARENTHESIZED_EXPR -> ARITHMETIC_EXPR
TOKEN: RPAREN    LEXEME: )
EXPR -> ( PARENTHESIZED_EXPR )
TOKEN: IDENT     LEXEME: sandwich
EXPR -> ID
ARITHMETIC_EXPR -> OP EXPR EXPR
PARENTHESIZED_EXPR -> ARITHMETIC_EXPR
TOKEN: RPAREN    LEXEME: )
EXPR -> ( PARENTHESIZED_EXPR )
LET_EXPR -> let ( ID_EXPR_LIST ) EXPR

___Exiting scope...

PARENTHESIZED_EXPR -> LET_EXPR
TOKEN: RPAREN    LEXEME: )
EXPR -> ( PARENTHESIZED_EXPR )
START -> EXPR

---- Completed parsing ----


Value of the expression is: 117
