Analysis & Synthesis report for Lab10_11
Wed Nov 02 14:29:38 2011
Quartus II Version 10.1 Build 153 11/29/2010 SJ Full Version


---------------------
; Table of Contents ;
---------------------
  1. Legal Notice
  2. Analysis & Synthesis Summary
  3. Analysis & Synthesis Settings
  4. Parallel Compilation
  5. Analysis & Synthesis Source Files Read
  6. Analysis & Synthesis Resource Usage Summary
  7. Analysis & Synthesis Resource Utilization by Entity
  8. General Register Statistics
  9. Elapsed Time Per Partition
 10. Analysis & Synthesis Messages



----------------
; Legal Notice ;
----------------
Copyright (C) 1991-2010 Altera Corporation
Your use of Altera Corporation's design tools, logic functions 
and other software and tools, and its AMPP partner logic 
functions, and any output files from any of the foregoing 
(including device programming or simulation files), and any 
associated documentation or information are expressly subject 
to the terms and conditions of the Altera Program License 
Subscription Agreement, Altera MegaCore Function License 
Agreement, or other applicable license agreement, including, 
without limitation, that your use is for the sole purpose of 
programming logic devices manufactured by Altera and sold by 
Altera or its authorized distributors.  Please refer to the 
applicable agreement for further details.



+--------------------------------------------------------------------------------+
; Analysis & Synthesis Summary                                                   ;
+------------------------------------+-------------------------------------------+
; Analysis & Synthesis Status        ; Successful - Wed Nov 02 14:29:38 2011     ;
; Quartus II Version                 ; 10.1 Build 153 11/29/2010 SJ Full Version ;
; Revision Name                      ; Lab10_11                                  ;
; Top-level Entity Name              ; Lab10                                     ;
; Family                             ; Cyclone II                                ;
; Total logic elements               ; 37                                        ;
;     Total combinational functions  ; 37                                        ;
;     Dedicated logic registers      ; 4                                         ;
; Total registers                    ; 4                                         ;
; Total pins                         ; 18                                        ;
; Total virtual pins                 ; 0                                         ;
; Total memory bits                  ; 0                                         ;
; Embedded Multiplier 9-bit elements ; 0                                         ;
; Total PLLs                         ; 0                                         ;
+------------------------------------+-------------------------------------------+


+----------------------------------------------------------------------------------------------------------------------+
; Analysis & Synthesis Settings                                                                                        ;
+----------------------------------------------------------------------------+--------------------+--------------------+
; Option                                                                     ; Setting            ; Default Value      ;
+----------------------------------------------------------------------------+--------------------+--------------------+
; Device                                                                     ; EP2C35F672C6       ;                    ;
; Top-level entity name                                                      ; Lab10              ; Lab10_11           ;
; Family name                                                                ; Cyclone II         ; Cyclone IV GX      ;
; Use smart compilation                                                      ; Off                ; Off                ;
; Enable parallel Assembler and TimeQuest Timing Analyzer during compilation ; On                 ; On                 ;
; Enable compact report table                                                ; Off                ; Off                ;
; Restructure Multiplexers                                                   ; Auto               ; Auto               ;
; Create Debugging Nodes for IP Cores                                        ; Off                ; Off                ;
; Preserve fewer node names                                                  ; On                 ; On                 ;
; Disable OpenCore Plus hardware evaluation                                  ; Off                ; Off                ;
; Verilog Version                                                            ; Verilog_2001       ; Verilog_2001       ;
; VHDL Version                                                               ; VHDL_1993          ; VHDL_1993          ;
; State Machine Processing                                                   ; Auto               ; Auto               ;
; Safe State Machine                                                         ; Off                ; Off                ;
; Extract Verilog State Machines                                             ; On                 ; On                 ;
; Extract VHDL State Machines                                                ; On                 ; On                 ;
; Ignore Verilog initial constructs                                          ; Off                ; Off                ;
; Iteration limit for constant Verilog loops                                 ; 5000               ; 5000               ;
; Iteration limit for non-constant Verilog loops                             ; 250                ; 250                ;
; Add Pass-Through Logic to Inferred RAMs                                    ; On                 ; On                 ;
; Parallel Synthesis                                                         ; On                 ; On                 ;
; DSP Block Balancing                                                        ; Auto               ; Auto               ;
; NOT Gate Push-Back                                                         ; On                 ; On                 ;
; Power-Up Don't Care                                                        ; On                 ; On                 ;
; Remove Redundant Logic Cells                                               ; Off                ; Off                ;
; Remove Duplicate Registers                                                 ; On                 ; On                 ;
; Ignore CARRY Buffers                                                       ; Off                ; Off                ;
; Ignore CASCADE Buffers                                                     ; Off                ; Off                ;
; Ignore GLOBAL Buffers                                                      ; Off                ; Off                ;
; Ignore ROW GLOBAL Buffers                                                  ; Off                ; Off                ;
; Ignore LCELL Buffers                                                       ; Off                ; Off                ;
; Ignore SOFT Buffers                                                        ; On                 ; On                 ;
; Limit AHDL Integers to 32 Bits                                             ; Off                ; Off                ;
; Optimization Technique                                                     ; Balanced           ; Balanced           ;
; Carry Chain Length                                                         ; 70                 ; 70                 ;
; Auto Carry Chains                                                          ; On                 ; On                 ;
; Auto Open-Drain Pins                                                       ; On                 ; On                 ;
; Perform WYSIWYG Primitive Resynthesis                                      ; Off                ; Off                ;
; Auto ROM Replacement                                                       ; On                 ; On                 ;
; Auto RAM Replacement                                                       ; On                 ; On                 ;
; Auto Shift Register Replacement                                            ; Auto               ; Auto               ;
; Auto Clock Enable Replacement                                              ; On                 ; On                 ;
; Strict RAM Replacement                                                     ; Off                ; Off                ;
; Allow Synchronous Control Signals                                          ; On                 ; On                 ;
; Force Use of Synchronous Clear Signals                                     ; Off                ; Off                ;
; Auto RAM to Logic Cell Conversion                                          ; Off                ; Off                ;
; Auto Resource Sharing                                                      ; Off                ; Off                ;
; Allow Any RAM Size For Recognition                                         ; Off                ; Off                ;
; Allow Any ROM Size For Recognition                                         ; Off                ; Off                ;
; Allow Any Shift Register Size For Recognition                              ; Off                ; Off                ;
; Use LogicLock Constraints during Resource Balancing                        ; On                 ; On                 ;
; Ignore translate_off and synthesis_off directives                          ; Off                ; Off                ;
; Timing-Driven Synthesis                                                    ; Off                ; Off                ;
; Report Parameter Settings                                                  ; On                 ; On                 ;
; Report Source Assignments                                                  ; On                 ; On                 ;
; Report Connectivity Checks                                                 ; On                 ; On                 ;
; Ignore Maximum Fan-Out Assignments                                         ; Off                ; Off                ;
; Synchronization Register Chain Length                                      ; 2                  ; 2                  ;
; PowerPlay Power Optimization                                               ; Normal compilation ; Normal compilation ;
; HDL message level                                                          ; Level2             ; Level2             ;
; Suppress Register Optimization Related Messages                            ; Off                ; Off                ;
; Number of Removed Registers Reported in Synthesis Report                   ; 5000               ; 5000               ;
; Number of Inverted Registers Reported in Synthesis Report                  ; 100                ; 100                ;
; Clock MUX Protection                                                       ; On                 ; On                 ;
; Auto Gated Clock Conversion                                                ; Off                ; Off                ;
; Block Design Naming                                                        ; Auto               ; Auto               ;
; SDC constraint protection                                                  ; Off                ; Off                ;
; Synthesis Effort                                                           ; Auto               ; Auto               ;
; Shift Register Replacement - Allow Asynchronous Clear Signal               ; On                 ; On                 ;
; Analysis & Synthesis Message Level                                         ; Medium             ; Medium             ;
; Disable Register Merging Across Hierarchies                                ; Auto               ; Auto               ;
; Resource Aware Inference For Block RAM                                     ; On                 ; On                 ;
; Synthesis Seed                                                             ; 1                  ; 1                  ;
+----------------------------------------------------------------------------+--------------------+--------------------+


+------------------------------------------+
; Parallel Compilation                     ;
+----------------------------+-------------+
; Processors                 ; Number      ;
+----------------------------+-------------+
; Number detected on machine ; 4           ;
; Maximum allowed            ; 4           ;
;                            ;             ;
; Average used               ; 1.00        ;
; Maximum used               ; 1           ;
;                            ;             ;
; Usage by Processor         ; % Time Used ;
;     1 processor            ; 100.0%      ;
;     2-4 processors         ;   0.0%      ;
+----------------------------+-------------+


+-------------------------------------------------------------------------------------------------------------------------------------+
; Analysis & Synthesis Source Files Read                                                                                              ;
+-----------------------------------+-----------------+------------------------------------+------------------------------------------+
; File Name with User-Entered Path  ; Used in Netlist ; File Type                          ; File Name with Absolute Path             ;
+-----------------------------------+-----------------+------------------------------------+------------------------------------------+
; ../Lab10-11-solns/Selector.bdf    ; yes             ; User Block Diagram/Schematic File  ; S:/Cpe112/Lab10-11-solns/Selector.bdf    ;
; ../Lab10-11-solns/LE.bdf          ; yes             ; User Block Diagram/Schematic File  ; S:/Cpe112/Lab10-11-solns/LE.bdf          ;
; ../Lab10-11-solns/Lab10.bdf       ; yes             ; User Block Diagram/Schematic File  ; S:/Cpe112/Lab10-11-solns/Lab10.bdf       ;
; ../Lab10-11-solns/Fulladd.bdf     ; yes             ; User Block Diagram/Schematic File  ; S:/Cpe112/Lab10-11-solns/Fulladd.bdf     ;
; ../Lab10-11-solns/Bit4Sel.bdf     ; yes             ; User Block Diagram/Schematic File  ; S:/Cpe112/Lab10-11-solns/Bit4Sel.bdf     ;
; ../Lab10-11-solns/Bit2Sel.bdf     ; yes             ; User Block Diagram/Schematic File  ; S:/Cpe112/Lab10-11-solns/Bit2Sel.bdf     ;
; ../Lab10-11-solns/ALU.bdf         ; yes             ; User Block Diagram/Schematic File  ; S:/Cpe112/Lab10-11-solns/ALU.bdf         ;
; ../Lab10-11-solns/AE.bdf          ; yes             ; User Block Diagram/Schematic File  ; S:/Cpe112/Lab10-11-solns/AE.bdf          ;
; ../Lab10-11-solns/Accumulator.bdf ; yes             ; User Block Diagram/Schematic File  ; S:/Cpe112/Lab10-11-solns/Accumulator.bdf ;
+-----------------------------------+-----------------+------------------------------------+------------------------------------------+


+-----------------------------------------------------+
; Analysis & Synthesis Resource Usage Summary         ;
+---------------------------------------------+-------+
; Resource                                    ; Usage ;
+---------------------------------------------+-------+
; Estimated Total logic elements              ; 37    ;
;                                             ;       ;
; Total combinational functions               ; 37    ;
; Logic element usage by number of LUT inputs ;       ;
;     -- 4 input functions                    ; 25    ;
;     -- 3 input functions                    ; 7     ;
;     -- <=2 input functions                  ; 5     ;
;                                             ;       ;
; Logic elements by mode                      ;       ;
;     -- normal mode                          ; 37    ;
;     -- arithmetic mode                      ; 0     ;
;                                             ;       ;
; Total registers                             ; 4     ;
;     -- Dedicated logic registers            ; 4     ;
;     -- I/O registers                        ; 0     ;
;                                             ;       ;
; I/O pins                                    ; 18    ;
; Maximum fan-out node                        ; M     ;
; Maximum fan-out                             ; 13    ;
; Total fan-out                               ; 144   ;
; Average fan-out                             ; 2.44  ;
+---------------------------------------------+-------+


+------------------------------------------------------------------------------------------------------------------------------------------------------------------------------------------------+
; Analysis & Synthesis Resource Utilization by Entity                                                                                                                                            ;
+----------------------------+-------------------+--------------+-------------+--------------+---------+-----------+------+--------------+----------------------------------------+--------------+
; Compilation Hierarchy Node ; LC Combinationals ; LC Registers ; Memory Bits ; DSP Elements ; DSP 9x9 ; DSP 18x18 ; Pins ; Virtual Pins ; Full Hierarchy Name                    ; Library Name ;
+----------------------------+-------------------+--------------+-------------+--------------+---------+-----------+------+--------------+----------------------------------------+--------------+
; |Lab10                     ; 37 (0)            ; 4 (0)        ; 0           ; 0            ; 0       ; 0         ; 18   ; 0            ; |Lab10                                 ;              ;
;    |ALU:inst1|             ; 29 (0)            ; 0 (0)        ; 0           ; 0            ; 0       ; 0         ; 0    ; 0            ; |Lab10|ALU:inst1                       ;              ;
;       |AE:inst11|          ; 2 (2)             ; 0 (0)        ; 0           ; 0            ; 0       ; 0         ; 0    ; 0            ; |Lab10|ALU:inst1|AE:inst11             ;              ;
;       |AE:inst14|          ; 2 (2)             ; 0 (0)        ; 0           ; 0            ; 0       ; 0         ; 0    ; 0            ; |Lab10|ALU:inst1|AE:inst14             ;              ;
;       |AE:inst6|           ; 1 (1)             ; 0 (0)        ; 0           ; 0            ; 0       ; 0         ; 0    ; 0            ; |Lab10|ALU:inst1|AE:inst6              ;              ;
;       |AE:inst8|           ; 2 (2)             ; 0 (0)        ; 0           ; 0            ; 0       ; 0         ; 0    ; 0            ; |Lab10|ALU:inst1|AE:inst8              ;              ;
;       |Fulladd:inst12|     ; 2 (2)             ; 0 (0)        ; 0           ; 0            ; 0       ; 0         ; 0    ; 0            ; |Lab10|ALU:inst1|Fulladd:inst12        ;              ;
;       |Fulladd:inst15|     ; 2 (2)             ; 0 (0)        ; 0           ; 0            ; 0       ; 0         ; 0    ; 0            ; |Lab10|ALU:inst1|Fulladd:inst15        ;              ;
;       |Fulladd:inst9|      ; 2 (2)             ; 0 (0)        ; 0           ; 0            ; 0       ; 0         ; 0    ; 0            ; |Lab10|ALU:inst1|Fulladd:inst9         ;              ;
;       |Fulladd:inst|       ; 3 (3)             ; 0 (0)        ; 0           ; 0            ; 0       ; 0         ; 0    ; 0            ; |Lab10|ALU:inst1|Fulladd:inst          ;              ;
;       |LE:inst10|          ; 3 (3)             ; 0 (0)        ; 0           ; 0            ; 0       ; 0         ; 0    ; 0            ; |Lab10|ALU:inst1|LE:inst10             ;              ;
;       |LE:inst13|          ; 3 (3)             ; 0 (0)        ; 0           ; 0            ; 0       ; 0         ; 0    ; 0            ; |Lab10|ALU:inst1|LE:inst13             ;              ;
;       |LE:inst5|           ; 4 (4)             ; 0 (0)        ; 0           ; 0            ; 0       ; 0         ; 0    ; 0            ; |Lab10|ALU:inst1|LE:inst5              ;              ;
;       |LE:inst7|           ; 3 (3)             ; 0 (0)        ; 0           ; 0            ; 0       ; 0         ; 0    ; 0            ; |Lab10|ALU:inst1|LE:inst7              ;              ;
;    |Accumulator:inst3|     ; 8 (0)             ; 4 (4)        ; 0           ; 0            ; 0       ; 0         ; 0    ; 0            ; |Lab10|Accumulator:inst3               ;              ;
;       |Bit4Sel:inst1|      ; 2 (2)             ; 0 (0)        ; 0           ; 0            ; 0       ; 0         ; 0    ; 0            ; |Lab10|Accumulator:inst3|Bit4Sel:inst1 ;              ;
;       |Bit4Sel:inst2|      ; 2 (2)             ; 0 (0)        ; 0           ; 0            ; 0       ; 0         ; 0    ; 0            ; |Lab10|Accumulator:inst3|Bit4Sel:inst2 ;              ;
;       |Bit4Sel:inst3|      ; 2 (2)             ; 0 (0)        ; 0           ; 0            ; 0       ; 0         ; 0    ; 0            ; |Lab10|Accumulator:inst3|Bit4Sel:inst3 ;              ;
;       |Bit4Sel:inst|       ; 2 (2)             ; 0 (0)        ; 0           ; 0            ; 0       ; 0         ; 0    ; 0            ; |Lab10|Accumulator:inst3|Bit4Sel:inst  ;              ;
+----------------------------+-------------------+--------------+-------------+--------------+---------+-----------+------+--------------+----------------------------------------+--------------+
Note: For table entries with two numbers listed, the numbers in parentheses indicate the number of resources of the given type used by the specific entity alone. The numbers listed outside of parentheses indicate the total resources of the given type used by the specific entity and all of its sub-entities in the hierarchy.


+------------------------------------------------------+
; General Register Statistics                          ;
+----------------------------------------------+-------+
; Statistic                                    ; Value ;
+----------------------------------------------+-------+
; Total registers                              ; 4     ;
; Number of registers using Synchronous Clear  ; 0     ;
; Number of registers using Synchronous Load   ; 0     ;
; Number of registers using Asynchronous Clear ; 0     ;
; Number of registers using Asynchronous Load  ; 0     ;
; Number of registers using Clock Enable       ; 0     ;
; Number of registers using Preset             ; 0     ;
+----------------------------------------------+-------+


+-------------------------------+
; Elapsed Time Per Partition    ;
+----------------+--------------+
; Partition Name ; Elapsed Time ;
+----------------+--------------+
; Top            ; 00:00:01     ;
+----------------+--------------+


+-------------------------------+
; Analysis & Synthesis Messages ;
+-------------------------------+
Info: *******************************************************************
Info: Running Quartus II Analysis & Synthesis
    Info: Version 10.1 Build 153 11/29/2010 SJ Full Version
    Info: Processing started: Wed Nov 02 14:29:35 2011
Info: Command: quartus_map --read_settings_files=on --write_settings_files=off Lab10_11 -c Lab10_11
Info: Parallel compilation is enabled and will use 4 of the 4 processors detected
Info: Found 1 design units, including 1 entities, in source file /cpe112/lab10-11-solns/selector.bdf
    Info: Found entity 1: Selector
Info: Found 1 design units, including 1 entities, in source file /cpe112/lab10-11-solns/le.bdf
    Info: Found entity 1: LE
Info: Found 1 design units, including 1 entities, in source file /cpe112/lab10-11-solns/lab10.bdf
    Info: Found entity 1: Lab10
Info: Found 1 design units, including 1 entities, in source file /cpe112/lab10-11-solns/fulladd.bdf
    Info: Found entity 1: Fulladd
Info: Found 1 design units, including 1 entities, in source file /cpe112/lab10-11-solns/bit4sel.bdf
    Info: Found entity 1: Bit4Sel
Info: Found 1 design units, including 1 entities, in source file /cpe112/lab10-11-solns/bit2sel.bdf
    Info: Found entity 1: Bit2Sel
Info: Found 1 design units, including 1 entities, in source file /cpe112/lab10-11-solns/alu.bdf
    Info: Found entity 1: ALU
Info: Found 1 design units, including 1 entities, in source file /cpe112/lab10-11-solns/ae.bdf
    Info: Found entity 1: AE
Info: Found 1 design units, including 1 entities, in source file /cpe112/lab10-11-solns/accumulator.bdf
    Info: Found entity 1: Accumulator
Info: Elaborating entity "Lab10" for the top level hierarchy
Info: Elaborating entity "ALU" for hierarchy "ALU:inst1"
Info: Elaborating entity "Fulladd" for hierarchy "ALU:inst1|Fulladd:inst15"
Info: Elaborating entity "LE" for hierarchy "ALU:inst1|LE:inst13"
Info: Elaborating entity "AE" for hierarchy "ALU:inst1|AE:inst14"
Info: Elaborating entity "Selector" for hierarchy "Selector:inst"
Info: Elaborating entity "Bit2Sel" for hierarchy "Selector:inst|Bit2Sel:inst3"
Info: Elaborating entity "Accumulator" for hierarchy "Accumulator:inst3"
Info: Elaborating entity "Bit4Sel" for hierarchy "Accumulator:inst3|Bit4Sel:inst3"
Info: Generating hard_block partition "hard_block:auto_generated_inst"
Info: Implemented 55 device resources after synthesis - the final resource count might be different
    Info: Implemented 13 input pins
    Info: Implemented 5 output pins
    Info: Implemented 37 logic cells
Info: Quartus II Analysis & Synthesis was successful. 0 errors, 0 warnings
    Info: Peak virtual memory: 259 megabytes
    Info: Processing ended: Wed Nov 02 14:29:38 2011
    Info: Elapsed time: 00:00:03
    Info: Total CPU time (on all processors): 00:00:02


