TOKEN: LPAREN    LEXEME: (
TOKEN: LET       LEXEME: let

___Entering new scope...

TOKEN: LPAREN    LEXEME: (
ID_EXPR_LIST -> epsilon
TOKEN: LPAREN    LEXEME: (
TOKEN: IDENT     LEXEME: x
TOKEN: INTCONST  LEXEME: 5
EXPR -> INTCONST
TOKEN: RPAREN    LEXEME: )
ID_EXPR_LIST -> ID_EXPR_LIST ( ID EXPR )
___Adding x to symbol table
TOKEN: LPAREN    LEXEME: (
TOKEN: IDENT     LEXEME: f1
TOKEN: LPAREN    LEXEME: (
TOKEN: LAMBDA    LEXEME: lambda

___Entering new scope...

TOKEN: LPAREN    LEXEME: (
ID_LIST -> epsilon
TOKEN: IDENT     LEXEME: a
ID_LIST -> ID_LIST ID
___Adding a to symbol table
TOKEN: RPAREN    LEXEME: )
TOKEN: LPAREN    LEXEME: (
TOKEN: LET       LEXEME: let

___Entering new scope...

TOKEN: LPAREN    LEXEME: (
ID_EXPR_LIST -> epsilon
TOKEN: LPAREN    LEXEME: (
TOKEN: IDENT     LEXEME: y
TOKEN: LPAREN    LEXEME: (
TOKEN: ADD       LEXEME: +
OP -> +
TOKEN: IDENT     LEXEME: a
EXPR -> ID
TOKEN: IDENT     LEXEME: x
EXPR -> ID
ARITHMETIC_EXPR -> OP EXPR EXPR
PARENTHESIZED_EXPR -> ARITHMETIC_EXPR
TOKEN: RPAREN    LEXEME: )
EXPR -> ( PARENTHESIZED_EXPR )
TOKEN: RPAREN    LEXEME: )
ID_EXPR_LIST -> ID_EXPR_LIST ( ID EXPR )
___Adding y to symbol table
TOKEN: LPAREN    LEXEME: (
TOKEN: IDENT     LEXEME: f2
TOKEN: LPAREN    LEXEME: (
TOKEN: LAMBDA    LEXEME: lambda

___Entering new scope...

TOKEN: LPAREN    LEXEME: (
ID_LIST -> epsilon
TOKEN: IDENT     LEXEME: a
ID_LIST -> ID_LIST ID
___Adding a to symbol table
TOKEN: IDENT     LEXEME: b
ID_LIST -> ID_LIST ID
___Adding b to symbol table
TOKEN: RPAREN    LEXEME: )
TOKEN: LPAREN    LEXEME: (
TOKEN: LET       LEXEME: let

___Entering new scope...

TOKEN: LPAREN    LEXEME: (
ID_EXPR_LIST -> epsilon
TOKEN: LPAREN    LEXEME: (
TOKEN: IDENT     LEXEME: z
TOKEN: IDENT     LEXEME: x
EXPR -> ID
TOKEN: RPAREN    LEXEME: )
ID_EXPR_LIST -> ID_EXPR_LIST ( ID EXPR )
___Adding z to symbol table
TOKEN: RPAREN    LEXEME: )
TOKEN: LPAREN    LEXEME: (
TOKEN: PRINT     LEXEME: print
TOKEN: LPAREN    LEXEME: (
TOKEN: MULT      LEXEME: *
OP -> *
TOKEN: IDENT     LEXEME: b
EXPR -> ID
TOKEN: LPAREN    LEXEME: (
TOKEN: SUB       LEXEME: -
OP -> -
TOKEN: IDENT     LEXEME: a
EXPR -> ID
TOKEN: IDENT     LEXEME: z
EXPR -> ID
ARITHMETIC_EXPR -> OP EXPR EXPR
PARENTHESIZED_EXPR -> ARITHMETIC_EXPR
TOKEN: RPAREN    LEXEME: )
EXPR -> ( PARENTHESIZED_EXPR )
ARITHMETIC_EXPR -> OP EXPR EXPR
PARENTHESIZED_EXPR -> ARITHMETIC_EXPR
TOKEN: RPAREN    LEXEME: )
EXPR -> ( PARENTHESIZED_EXPR )
PRINT_EXPR -> print EXPR
PARENTHESIZED_EXPR -> PRINT_EXPR
TOKEN: RPAREN    LEXEME: )
EXPR -> ( PARENTHESIZED_EXPR )
LET_EXPR -> let( ID_EXPR_LIST ) EXPR

___Exiting scope...

PARENTHESIZED_EXPR -> LET_EXPR
TOKEN: RPAREN    LEXEME: )
EXPR -> ( PARENTHESIZED_EXPR )
LAMBDA_EXPR -> lambda ( ID_LIST ) EXPR

___Exiting scope...

PARENTHESIZED_EXPR -> LAMBDA_EXPR
TOKEN: RPAREN    LEXEME: )
EXPR -> ( PARENTHESIZED_EXPR )
TOKEN: RPAREN    LEXEME: )
ID_EXPR_LIST -> ID_EXPR_LIST ( ID EXPR )
___Adding f2 to symbol table
TOKEN: RPAREN    LEXEME: )
TOKEN: LPAREN    LEXEME: (
TOKEN: IDENT     LEXEME: f2
EXPR -> ID
TOKEN: INTCONST  LEXEME: -100
EXPR -> INTCONST
TOKEN: IDENT     LEXEME: a
EXPR -> ID
TOKEN: RPAREN    LEXEME: )
EXPR_LIST -> EXPR
EXPR_LIST -> EXPR EXPR_LIST
EXPR_LIST -> EXPR EXPR_LIST
PARENTHESIZED_EXPR -> EXPR_LIST
EXPR -> ( PARENTHESIZED_EXPR )
LET_EXPR -> let( ID_EXPR_LIST ) EXPR

___Exiting scope...

PARENTHESIZED_EXPR -> LET_EXPR
TOKEN: RPAREN    LEXEME: )
EXPR -> ( PARENTHESIZED_EXPR )
LAMBDA_EXPR -> lambda ( ID_LIST ) EXPR

___Exiting scope...

PARENTHESIZED_EXPR -> LAMBDA_EXPR
TOKEN: RPAREN    LEXEME: )
EXPR -> ( PARENTHESIZED_EXPR )
TOKEN: RPAREN    LEXEME: )
ID_EXPR_LIST -> ID_EXPR_LIST ( ID EXPR )
___Adding f1 to symbol table
TOKEN: LPAREN    LEXEME: (
TOKEN: IDENT     LEXEME: y
TOKEN: INTCONST  LEXEME: 50
EXPR -> INTCONST
TOKEN: RPAREN    LEXEME: )
ID_EXPR_LIST -> ID_EXPR_LIST ( ID EXPR )
___Adding y to symbol table
TOKEN: RPAREN    LEXEME: )
TOKEN: LPAREN    LEXEME: (
TOKEN: IF        LEXEME: if
TOKEN: LPAREN    LEXEME: (
TOKEN: IDENT     LEXEME: f1
EXPR -> ID
TOKEN: IDENT     LEXEME: x
EXPR -> ID
TOKEN: RPAREN    LEXEME: )
EXPR_LIST -> EXPR
EXPR_LIST -> EXPR EXPR_LIST
PARENTHESIZED_EXPR -> EXPR_LIST
EXPR -> ( PARENTHESIZED_EXPR )
TOKEN: IDENT     LEXEME: y
EXPR -> ID
TOKEN: INTCONST  LEXEME: 2
EXPR -> INTCONST
IF_EXPR -> if EXPR EXPR EXPR
PARENTHESIZED_EXPR -> IF_EXPR
TOKEN: RPAREN    LEXEME: )
EXPR -> ( PARENTHESIZED_EXPR )
LET_EXPR -> let( ID_EXPR_LIST ) EXPR

___Exiting scope...

PARENTHESIZED_EXPR -> LET_EXPR
TOKEN: RPAREN    LEXEME: )
EXPR -> ( PARENTHESIZED_EXPR )
START -> EXPR

---- Completed parsing ----

