TOKEN: LPAREN    LEXEME: (
TOKEN: LPAREN    LEXEME: (
TOKEN: LET       LEXEME: let

___Entering new scope...

TOKEN: LPAREN    LEXEME: (
ID_EXPR_LIST -> epsilon
TOKEN: LPAREN    LEXEME: (
TOKEN: IDENT     LEXEME: z
TOKEN: LPAREN    LEXEME: (
TOKEN: INPUT     LEXEME: input
INPUT_EXPR -> input
PARENTHESIZED_EXPR -> INPUT_EXPR
TOKEN: RPAREN    LEXEME: )
EXPR -> ( PARENTHESIZED_EXPR )
TOKEN: RPAREN    LEXEME: )
ID_EXPR_LIST -> ID_EXPR_LIST ( ID EXPR )
___Adding z to symbol table
TOKEN: RPAREN    LEXEME: )
TOKEN: LPAREN    LEXEME: (
TOKEN: PRINT     LEXEME: print
TOKEN: IDENT     LEXEME: z
EXPR -> ID
PRINT_EXPR -> print EXPR
PARENTHESIZED_EXPR -> PRINT_EXPR
TOKEN: RPAREN    LEXEME: )
EXPR -> ( PARENTHESIZED_EXPR )
LET_EXPR -> let( ID_EXPR_LIST ) EXPR

___Exiting scope...

PARENTHESIZED_EXPR -> LET_EXPR
TOKEN: RPAREN    LEXEME: )
EXPR -> ( PARENTHESIZED_EXPR )
TOKEN: LPAREN    LEXEME: (
TOKEN: LET       LEXEME: let

___Entering new scope...

TOKEN: LPAREN    LEXEME: (
ID_EXPR_LIST -> epsilon
TOKEN: LPAREN    LEXEME: (
TOKEN: IDENT     LEXEME: x
TOKEN: INTCONST  LEXEME: 0
EXPR -> INTCONST
TOKEN: RPAREN    LEXEME: )
ID_EXPR_LIST -> ID_EXPR_LIST ( ID EXPR )
___Adding x to symbol table
TOKEN: LPAREN    LEXEME: (
TOKEN: IDENT     LEXEME: y
TOKEN: INTCONST  LEXEME: 20
EXPR -> INTCONST
TOKEN: RPAREN    LEXEME: )
ID_EXPR_LIST -> ID_EXPR_LIST ( ID EXPR )
___Adding y to symbol table
TOKEN: RPAREN    LEXEME: )
TOKEN: LPAREN    LEXEME: (
TOKEN: MULT      LEXEME: *
OP -> *
TOKEN: IDENT     LEXEME: x
EXPR -> ID
TOKEN: IDENT     LEXEME: z
EXPR -> ID
Line 9: Undefined identifier
