TOKEN: LPAREN    LEXEME: (
TOKEN: LPAREN    LEXEME: (
TOKEN: LAMBDA    LEXEME: lambda

___Entering new scope...

TOKEN: LPAREN    LEXEME: (
ID_LIST -> epsilon
TOKEN: IDENT     LEXEME: x
ID_LIST -> ID_LIST ID
___Adding x to symbol table
TOKEN: IDENT     LEXEME: y
ID_LIST -> ID_LIST ID
___Adding y to symbol table
TOKEN: RPAREN    LEXEME: )
TOKEN: LPAREN    LEXEME: (
TOKEN: DIV       LEXEME: /
OP -> /
TOKEN: IDENT     LEXEME: x
EXPR -> ID
TOKEN: IDENT     LEXEME: y
EXPR -> ID
ARITHMETIC_EXPR -> OP EXPR EXPR
PARENTHESIZED_EXPR -> ARITHMETIC_EXPR
TOKEN: RPAREN    LEXEME: )
EXPR -> ( PARENTHESIZED_EXPR )
LAMBDA_EXPR -> lambda ( ID_LIST ) EXPR

___Exiting scope...

PARENTHESIZED_EXPR -> LAMBDA_EXPR
TOKEN: RPAREN    LEXEME: )
EXPR -> ( PARENTHESIZED_EXPR )
TOKEN: INTCONST  LEXEME: 10
EXPR -> INTCONST
TOKEN: INTCONST  LEXEME: 0
EXPR -> INTCONST
TOKEN: RPAREN    LEXEME: )
EXPR_LIST -> EXPR
EXPR_LIST -> EXPR EXPR_LIST
EXPR_LIST -> EXPR EXPR_LIST
PARENTHESIZED_EXPR -> EXPR_LIST
EXPR -> ( PARENTHESIZED_EXPR )
START -> EXPR

---- Completed parsing ----

